player { row: 11, col: 6, value: 'PN' }
closest_coin { row: 6, col: 6, value: 'C' }
[ [ 11, 6 ], [ 10, 6 ], [ 9, 6 ], [ 8, 6 ], [ 7, 6 ], [ 6, 6 ] ]
pathToActionsV2Res:  L
move { move: 'L' }
player { row: 11, col: 6, value: 'PW' }
closest_coin { row: 6, col: 6, value: 'C' }
[ [ 11, 6 ], [ 10, 6 ], [ 9, 6 ], [ 8, 6 ], [ 7, 6 ], [ 6, 6 ] ]
pathToActionsV2Res:  M
move { move: 'M' }
player { row: 11, col: 5, value: 'PW' }
closest_coin { row: 10, col: 2, value: 'C' }
[ [ 11, 5 ], [ 11, 4 ], [ 10, 4 ], [ 10, 3 ], [ 10, 2 ] ]
pathToActionsV2Res:  L
move { move: 'L' }
player { row: 11, col: 5, value: 'PS' }
closest_coin { row: 10, col: 2, value: 'C' }
[ [ 11, 5 ], [ 11, 4 ], [ 10, 4 ], [ 10, 3 ], [ 10, 2 ] ]
pathToActionsV2Res:  M
move { move: 'M' }
